2025-04-05 13:16:14,976 - WARNING - 开始爬取电影: 出走的决心，使用默认策略
2025-04-05 13:16:14,983 - WARNING - 爬虫进程已启动，PID: 32864
2025-04-05 19:50:28,903 - WARNING - 准备爬取电影: 霸王别姬，使用策略: sequential，参数: {'strategy': 'sequential', 'max_pages': 5}
2025-04-05 19:50:28,904 - WARNING - 开始爬取电影: 霸王别姬，使用策略: sequential
2025-04-05 19:50:28,913 - WARNING - 爬虫进程已启动，PID: 39240
2025-04-05 20:49:57,589 - WARNING - 准备爬取电影: 霸王别姬，使用策略: sequential，参数: {'strategy': 'sequential', 'max_pages': 5}
2025-04-05 20:49:57,590 - WARNING - 开始爬取电影: 霸王别姬，使用策略: sequential
2025-04-05 20:49:57,596 - WARNING - 爬虫进程已启动，PID: 44788
2025-04-06 14:49:10,206 - WARNING - 准备爬取电影: 霸王别姬，使用策略: sequential，参数: {'strategy': 'sequential', 'max_pages': 5}
2025-04-06 14:49:10,207 - WARNING - 开始爬取电影: 霸王别姬，使用策略: sequential
2025-04-06 14:49:10,214 - WARNING - 爬虫进程已启动，PID: 32316
2025-04-06 14:49:26,882 - WARNING - 准备爬取电影: 霸王别姬，使用策略: sequential，参数: {'strategy': 'sequential', 'max_pages': 5}
2025-04-06 14:49:26,882 - WARNING - 开始爬取电影: 霸王别姬，使用策略: sequential
2025-04-06 14:49:26,887 - WARNING - 爬虫进程已启动，PID: 5276
2025-04-06 14:51:39,669 - WARNING - 准备爬取电影: 霸王别姬，使用策略: sequential，参数: {'strategy': 'sequential', 'max_pages': 5}
2025-04-06 14:51:39,670 - WARNING - 开始爬取电影: 霸王别姬，使用策略: sequential
2025-04-06 14:51:39,676 - WARNING - 爬虫进程已启动，PID: 24212
2025-04-06 15:08:25,898 - WARNING - 准备爬取电影: 霸王别姬，使用策略: sequential，参数: {'strategy': 'sequential', 'max_pages': 5}
2025-04-06 15:08:25,899 - WARNING - 开始爬取电影: 霸王别姬，使用策略: sequential
2025-04-06 15:08:25,900 - WARNING - 爬虫线程已启动
2025-04-06 15:08:46,360 - WARNING - 准备爬取电影: 霸王别姬，使用策略: sequential，参数: {'strategy': 'sequential', 'max_pages': 5}
2025-04-06 15:08:46,360 - WARNING - 开始爬取电影: 霸王别姬，使用策略: sequential
2025-04-06 15:08:46,361 - WARNING - 爬虫线程已启动
2025-04-06 15:10:27,881 - WARNING - 准备爬取电影: 霸王别姬，使用策略: sequential，参数: {'strategy': 'sequential', 'max_pages': 5}
2025-04-06 15:10:27,882 - WARNING - 开始爬取电影: 霸王别姬，使用策略: sequential
2025-04-06 15:10:27,883 - WARNING - 爬虫线程已启动
2025-04-06 15:16:22,185 - WARNING - 开始爬取电影: 霸王别姬，使用策略: sequential
2025-04-06 15:24:54,622 - WARNING - 开始爬取电影: 霸王别姬，使用策略: sequential
2025-04-06 15:25:33,741 - WARNING - 开始爬取电影: 霸王别姬，使用策略: sequential
2025-04-06 15:30:19,700 - DEBUG - 使用参数启动豆瓣爬虫: 霸王别姬, 策略: sequential
2025-04-06 15:30:19,700 - DEBUG - 最终配置参数: {'strategy': 'sequential', 'max_pages': 2}
2025-04-06 15:30:19,701 - DEBUG - 准备启动豆瓣爬虫: 霸王别姬
2025-04-06 15:30:19,701 - DEBUG - 爬取策略: sequential, 配置: {'strategy': 'sequential', 'max_pages': 2}
2025-04-06 15:30:19,702 - DEBUG - 爬虫线程已启动: DoubanSpider-1743924619
2025-04-06 15:35:29,567 - DEBUG - 使用参数启动豆瓣爬虫: 霸王别姬, 策略: sequential
2025-04-06 15:35:29,567 - DEBUG - 最终配置参数: {'strategy': 'sequential', 'max_pages': 2}
2025-04-06 15:35:29,567 - DEBUG - 准备启动豆瓣爬虫: 霸王别姬
2025-04-06 15:35:29,568 - DEBUG - 爬取策略: sequential, 配置: {'strategy': 'sequential', 'max_pages': 2}
2025-04-06 15:35:29,569 - DEBUG - 爬虫线程已启动: DoubanSpider-1743924929
2025-04-06 15:39:44,248 - DEBUG - 使用参数启动豆瓣爬虫: 霸王别姬, 策略: sequential
2025-04-06 15:39:44,248 - DEBUG - 最终配置参数: {'strategy': 'sequential', 'max_pages': 2}
2025-04-06 15:39:44,250 - DEBUG - 准备启动豆瓣爬虫: 霸王别姬
2025-04-06 15:39:44,250 - DEBUG - 爬取策略: sequential, 配置: {'strategy': 'sequential', 'max_pages': 2}
2025-04-06 15:39:44,252 - DEBUG - 爬虫线程已启动: DoubanSpider-1743925184
2025-04-06 15:40:24,022 - DEBUG - 使用参数启动豆瓣爬虫: 霸王别姬, 策略: sequential
2025-04-06 15:40:24,022 - DEBUG - 最终配置参数: {'strategy': 'sequential', 'max_pages': 2}
2025-04-06 15:40:24,022 - DEBUG - 准备启动豆瓣爬虫: 霸王别姬
2025-04-06 15:40:24,023 - DEBUG - 爬取策略: sequential, 配置: {'strategy': 'sequential', 'max_pages': 2}
2025-04-06 15:40:24,023 - DEBUG - 爬虫线程已启动: DoubanSpider-1743925224
2025-04-06 15:41:47,171 - DEBUG - 使用参数启动豆瓣爬虫: 霸王别姬, 策略: sequential
2025-04-06 15:41:47,172 - DEBUG - 最终配置参数: {'strategy': 'sequential', 'max_pages': 2}
2025-04-06 15:41:47,172 - DEBUG - 准备启动豆瓣爬虫: 霸王别姬
2025-04-06 15:41:47,172 - DEBUG - 爬取策略: sequential, 配置: {'strategy': 'sequential', 'max_pages': 2}
2025-04-06 15:41:47,173 - DEBUG - 爬虫线程已启动: DoubanSpider-1743925307
2025-04-06 15:43:51,027 - DEBUG - 使用参数启动豆瓣爬虫: 霸王别姬, 策略: sequential
2025-04-06 15:43:51,027 - DEBUG - 最终配置参数: {'strategy': 'sequential', 'max_pages': 2}
2025-04-06 15:43:51,027 - DEBUG - 准备启动豆瓣爬虫: 霸王别姬
2025-04-06 15:43:51,027 - DEBUG - 爬取策略: sequential, 配置: {'strategy': 'sequential', 'max_pages': 2}
2025-04-06 15:43:51,029 - DEBUG - 爬虫线程已启动: DoubanSpider-1743925431
2025-04-06 15:45:48,032 - DEBUG - 使用参数启动豆瓣爬虫: 霸王别姬, 策略: sequential
2025-04-06 15:45:48,032 - DEBUG - 最终配置参数: {'strategy': 'sequential', 'max_pages': 2}
2025-04-06 15:45:48,032 - DEBUG - 准备启动豆瓣爬虫: 霸王别姬
2025-04-06 15:45:48,033 - DEBUG - 爬取策略: sequential, 配置: {'strategy': 'sequential', 'max_pages': 2}
2025-04-06 15:45:48,033 - DEBUG - 爬虫线程已启动: DoubanSpider-1743925548
2025-04-06 16:24:28,460 - DEBUG - 使用参数启动豆瓣爬虫: 霸王别姬, 策略: sequential
2025-04-06 16:24:28,460 - DEBUG - 最终配置参数: {'strategy': 'sequential', 'max_pages': 2}
2025-04-06 16:24:28,460 - DEBUG - 准备启动豆瓣爬虫: 霸王别姬
2025-04-06 16:24:28,461 - DEBUG - 爬取策略: sequential, 配置: {'strategy': 'sequential', 'max_pages': 2}
2025-04-06 16:24:28,461 - DEBUG - 爬虫线程已启动: DoubanSpider-1743927868
2025-04-06 16:37:49,265 - DEBUG - 使用参数启动豆瓣爬虫: 霸王别姬, 策略: sequential
2025-04-06 16:37:49,265 - DEBUG - 最终配置参数: {'strategy': 'sequential', 'max_pages': 2}
2025-04-06 16:37:49,266 - DEBUG - 准备启动豆瓣爬虫: 霸王别姬
2025-04-06 16:37:49,266 - DEBUG - 爬取策略: sequential, 配置: {'strategy': 'sequential', 'max_pages': 2}
2025-04-06 16:37:49,267 - DEBUG - 爬虫线程已启动: DoubanSpider-1743928669
2025-04-06 16:38:28,496 - DEBUG - 使用参数启动豆瓣爬虫: 霸王别姬, 策略: sequential
2025-04-06 16:38:28,497 - DEBUG - 最终配置参数: {'strategy': 'sequential', 'max_pages': 2}
2025-04-06 16:38:28,498 - DEBUG - 准备启动豆瓣爬虫: 霸王别姬
2025-04-06 16:38:28,498 - DEBUG - 爬取策略: sequential, 配置: {'strategy': 'sequential', 'max_pages': 2}
2025-04-06 16:38:28,499 - DEBUG - 爬虫线程已启动: DoubanSpider-1743928708
2025-04-06 18:53:14,746 - DEBUG - 使用参数启动豆瓣爬虫: 霸王别姬, 策略: sequential
2025-04-06 18:53:14,748 - DEBUG - 最终配置参数: {'strategy': 'sequential', 'max_pages': 2}
2025-04-06 18:53:14,749 - DEBUG - 准备启动豆瓣爬虫: 霸王别姬
2025-04-06 18:53:14,749 - DEBUG - 爬取策略: sequential, 配置: {'strategy': 'sequential', 'max_pages': 2}
2025-04-06 18:53:18,513 - DEBUG - 爬虫线程已启动: DoubanSpider-1743936794
2025-04-06 18:55:37,351 - DEBUG - 使用参数启动豆瓣爬虫: 霸王别姬, 策略: sequential
2025-04-06 18:55:37,353 - DEBUG - 最终配置参数: {'strategy': 'sequential', 'max_pages': 2}
2025-04-06 18:55:37,354 - DEBUG - 准备启动豆瓣爬虫: 霸王别姬
2025-04-06 18:55:37,355 - DEBUG - 爬取策略: sequential, 配置: {'strategy': 'sequential', 'max_pages': 2}
2025-04-06 18:55:38,871 - DEBUG - 爬虫线程已启动: DoubanSpider-1743936937
2025-04-06 18:56:01,883 - DEBUG - 使用参数启动豆瓣爬虫: 霸王别姬, 策略: sequential
2025-04-06 18:56:01,884 - DEBUG - 最终配置参数: {'strategy': 'sequential', 'max_pages': 2}
2025-04-06 18:56:01,885 - DEBUG - 准备启动豆瓣爬虫: 霸王别姬
2025-04-06 18:56:01,885 - DEBUG - 爬取策略: sequential, 配置: {'strategy': 'sequential', 'max_pages': 2}
2025-04-06 18:56:02,660 - DEBUG - 爬虫线程已启动: DoubanSpider-1743936961
2025-04-06 18:58:05,487 - DEBUG - 使用参数启动豆瓣爬虫: 霸王别姬, 策略: sequential
2025-04-06 18:58:05,488 - DEBUG - 最终配置参数: {'strategy': 'sequential', 'max_pages': 2}
2025-04-06 18:58:05,488 - DEBUG - 准备启动豆瓣爬虫: 霸王别姬
2025-04-06 18:58:05,488 - DEBUG - 爬取策略: sequential, 配置: {'strategy': 'sequential', 'max_pages': 2}
2025-04-06 18:58:05,489 - DEBUG - 爬虫线程已启动: DoubanSpider-1743937085
2025-04-06 21:44:18,282 - DEBUG - 使用参数启动豆瓣爬虫: 霸王别姬, 策略: sequential
2025-04-06 21:44:18,282 - DEBUG - 最终配置参数: {'strategy': 'sequential', 'max_pages': 2}
2025-04-06 21:44:18,283 - DEBUG - 准备启动豆瓣爬虫: 霸王别姬
2025-04-06 21:44:18,283 - DEBUG - 爬取策略: sequential, 配置: {'strategy': 'sequential', 'max_pages': 2}
2025-04-06 21:44:18,284 - DEBUG - 爬虫线程已启动: DoubanSpider-1743947058
2025-04-07 21:56:57,095 - DEBUG - 使用参数启动豆瓣爬虫: 霸王别姬, 策略: sequential
2025-04-07 21:56:57,096 - DEBUG - 最终配置参数: {'strategy': 'sequential', 'max_pages': 2}
2025-04-07 21:56:57,096 - DEBUG - 准备启动豆瓣爬虫: 霸王别姬
2025-04-07 21:56:57,097 - DEBUG - 爬取策略: sequential, 配置: {'strategy': 'sequential', 'max_pages': 2}
2025-04-07 21:56:57,098 - DEBUG - 爬虫线程已启动: DoubanSpider-1744034217
2025-04-07 22:52:04,264 - DEBUG - 使用参数启动豆瓣爬虫: 霸王别姬, 策略: sequential
2025-04-07 22:52:04,264 - DEBUG - 最终配置参数: {'strategy': 'sequential', 'max_pages': 2}
2025-04-07 22:52:04,265 - DEBUG - 准备启动豆瓣爬虫: 霸王别姬
2025-04-07 22:52:04,265 - DEBUG - 爬取策略: sequential, 配置: {'strategy': 'sequential', 'max_pages': 2}
2025-04-07 22:56:01,600 - DEBUG - 使用参数启动豆瓣爬虫: 霸王别姬, 策略: sequential
2025-04-07 22:56:01,601 - DEBUG - 最终配置参数: {'strategy': 'sequential', 'max_pages': 2}
2025-04-07 22:56:01,601 - DEBUG - 准备启动豆瓣爬虫: 霸王别姬
2025-04-07 22:56:01,601 - DEBUG - 爬取策略: sequential, 配置: {'strategy': 'sequential', 'max_pages': 2}
2025-04-07 22:56:01,602 - DEBUG - 爬虫线程已启动: DoubanSpider-1744037761
2025-04-07 22:57:00,720 - DEBUG - 使用参数启动豆瓣爬虫: 霸王别姬, 策略: sequential
2025-04-07 22:57:00,720 - DEBUG - 最终配置参数: {'strategy': 'sequential', 'max_pages': 2}
2025-04-07 22:57:00,720 - DEBUG - 准备启动豆瓣爬虫: 霸王别姬
2025-04-07 22:57:00,721 - DEBUG - 爬取策略: sequential, 配置: {'strategy': 'sequential', 'max_pages': 2}
2025-04-07 22:57:00,721 - DEBUG - 爬虫线程已启动: DoubanSpider-1744037820
2025-04-07 23:05:48,101 - DEBUG - 使用参数启动豆瓣爬虫: 霸王别姬, 策略: sequential
2025-04-07 23:05:48,102 - DEBUG - 最终配置参数: {'strategy': 'sequential', 'max_pages': 2}
2025-04-07 23:05:48,102 - DEBUG - 准备启动豆瓣爬虫: 霸王别姬
2025-04-07 23:05:48,103 - DEBUG - 爬取策略: sequential, 配置: {'strategy': 'sequential', 'max_pages': 2}
2025-04-07 23:05:48,103 - DEBUG - 爬虫线程已启动: DoubanSpider-1744038348
2025-04-08 11:32:50,878 - DEBUG - 使用参数启动豆瓣爬虫: 霸王别姬, 策略: sequential
2025-04-08 11:32:50,879 - DEBUG - 最终配置参数: {'strategy': 'sequential', 'max_pages': 2}
2025-04-08 11:32:50,879 - DEBUG - 准备启动豆瓣爬虫: 霸王别姬
2025-04-08 11:32:50,880 - DEBUG - 爬取策略: sequential, 配置: {'strategy': 'sequential', 'max_pages': 2}
2025-04-08 11:32:50,880 - DEBUG - 爬虫线程已启动: DoubanSpider-1744083170
2025-04-08 11:38:52,640 - DEBUG - 使用参数启动豆瓣爬虫: 霸王别姬, 策略: sequential
2025-04-08 11:38:52,641 - DEBUG - 最终配置参数: {'strategy': 'sequential', 'max_pages': 2}
2025-04-08 11:38:52,641 - DEBUG - 准备启动豆瓣爬虫: 霸王别姬
2025-04-08 11:38:52,641 - DEBUG - 爬取策略: sequential, 配置: {'strategy': 'sequential', 'max_pages': 2}
2025-04-08 11:38:52,642 - DEBUG - 爬虫线程已启动: DoubanSpider-1744083532
2025-04-08 15:10:20,035 - DEBUG - 使用参数启动豆瓣爬虫: 霸王别姬, 策略: sequential
2025-04-08 15:10:20,036 - DEBUG - 最终配置参数: {'strategy': 'sequential', 'max_pages': 2}
2025-04-08 15:10:20,036 - DEBUG - 准备启动豆瓣爬虫: 霸王别姬
2025-04-08 15:10:20,037 - DEBUG - 爬取策略: sequential, 配置: {'strategy': 'sequential', 'max_pages': 2}
2025-04-08 15:10:20,038 - DEBUG - 爬虫线程已启动: DoubanSpider-1744096220
2025-04-08 15:13:25,226 - DEBUG - 使用参数启动豆瓣爬虫: 霸王别姬, 策略: sequential
2025-04-08 15:13:25,227 - DEBUG - 最终配置参数: {'strategy': 'sequential', 'max_pages': 2}
2025-04-08 15:13:25,227 - DEBUG - 准备启动豆瓣爬虫: 霸王别姬
2025-04-08 15:13:25,228 - DEBUG - 爬取策略: sequential, 配置: {'strategy': 'sequential', 'max_pages': 2}
2025-04-08 15:13:25,228 - DEBUG - 爬虫线程已启动: DoubanSpider-1744096405
2025-04-08 15:20:05,706 - DEBUG - 使用参数启动豆瓣爬虫: 霸王别姬, 策略: sequential
2025-04-08 15:20:05,707 - DEBUG - 最终配置参数: {'strategy': 'sequential', 'max_pages': 2}
2025-04-08 15:20:05,707 - DEBUG - 准备启动豆瓣爬虫: 霸王别姬
2025-04-08 15:20:05,707 - DEBUG - 爬取策略: sequential, 配置: {'strategy': 'sequential', 'max_pages': 2}
2025-04-08 15:20:05,708 - DEBUG - 爬虫线程已启动: DoubanSpider-1744096805
2025-04-08 15:23:32,473 - DEBUG - 使用参数启动豆瓣爬虫: 霸王别姬, 策略: sequential
2025-04-08 15:23:32,473 - DEBUG - 最终配置参数: {'strategy': 'sequential', 'max_pages': 2}
2025-04-08 15:23:32,474 - DEBUG - 准备启动豆瓣爬虫: 霸王别姬
2025-04-08 15:23:32,474 - DEBUG - 爬取策略: sequential, 配置: {'strategy': 'sequential', 'max_pages': 2}
2025-04-08 15:23:32,474 - DEBUG - 爬虫线程已启动: DoubanSpider-1744097012
2025-04-08 15:30:03,178 - DEBUG - 使用参数启动豆瓣爬虫: 霸王别姬, 策略: sequential
2025-04-08 15:30:03,179 - DEBUG - 最终配置参数: {'strategy': 'sequential', 'max_pages': 2}
2025-04-08 15:30:03,179 - DEBUG - 准备启动豆瓣爬虫: 霸王别姬
2025-04-08 15:30:03,179 - DEBUG - 爬取策略: sequential, 配置: {'strategy': 'sequential', 'max_pages': 2}
2025-04-08 15:30:03,180 - DEBUG - 爬虫线程已启动: DoubanSpider-1744097403
2025-04-08 15:31:48,125 - DEBUG - 使用参数启动豆瓣爬虫: 霸王别姬, 策略: sequential
2025-04-08 15:31:48,125 - DEBUG - 最终配置参数: {'strategy': 'sequential', 'max_pages': 2}
2025-04-08 15:31:48,125 - DEBUG - 准备启动豆瓣爬虫: 霸王别姬
2025-04-08 15:31:48,126 - DEBUG - 爬取策略: sequential, 配置: {'strategy': 'sequential', 'max_pages': 2}
2025-04-08 15:31:48,126 - DEBUG - 爬虫线程已启动: DoubanSpider-1744097508
2025-04-08 15:32:24,955 - DEBUG - 使用参数启动豆瓣爬虫: 霸王别姬, 策略: sequential
2025-04-08 15:32:24,955 - DEBUG - 最终配置参数: {'strategy': 'sequential', 'max_pages': 2}
2025-04-08 15:32:24,955 - DEBUG - 准备启动豆瓣爬虫: 霸王别姬
2025-04-08 15:32:24,955 - DEBUG - 爬取策略: sequential, 配置: {'strategy': 'sequential', 'max_pages': 2}
2025-04-08 15:32:24,956 - DEBUG - 爬虫线程已启动: DoubanSpider-1744097544
2025-04-08 15:41:26,329 - DEBUG - 使用参数启动豆瓣爬虫: 霸王别姬, 策略: sequential
2025-04-08 15:41:26,329 - DEBUG - 最终配置参数: {'strategy': 'sequential', 'max_pages': 2}
2025-04-08 15:41:26,330 - DEBUG - 准备启动豆瓣爬虫: 霸王别姬
2025-04-08 15:41:26,330 - DEBUG - 爬取策略: sequential, 配置: {'strategy': 'sequential', 'max_pages': 2}
2025-04-08 15:41:26,330 - DEBUG - 爬虫线程已启动: DoubanSpider-1744098086
2025-04-08 15:46:35,891 - DEBUG - 使用参数启动豆瓣爬虫: 霸王别姬, 策略: sequential
2025-04-08 15:46:35,892 - DEBUG - 最终配置参数: {'strategy': 'sequential', 'max_pages': 2}
2025-04-08 15:46:35,892 - DEBUG - 准备启动豆瓣爬虫: 霸王别姬
2025-04-08 15:46:35,892 - DEBUG - 爬取策略: sequential, 配置: {'strategy': 'sequential', 'max_pages': 2}
2025-04-08 15:46:35,893 - DEBUG - 爬虫线程已启动: DoubanSpider-1744098395
2025-04-08 15:46:57,031 - DEBUG - 使用参数启动豆瓣爬虫: 霸王别姬, 策略: sequential
2025-04-08 15:46:57,031 - DEBUG - 最终配置参数: {'strategy': 'sequential', 'max_pages': 2}
2025-04-08 15:46:57,031 - DEBUG - 准备启动豆瓣爬虫: 霸王别姬
2025-04-08 15:46:57,032 - DEBUG - 爬取策略: sequential, 配置: {'strategy': 'sequential', 'max_pages': 2}
2025-04-08 15:46:57,032 - DEBUG - 爬虫线程已启动: DoubanSpider-1744098417
2025-04-08 15:47:07,388 - DEBUG - 使用参数启动豆瓣爬虫: 霸王别姬, 策略: sequential
2025-04-08 15:47:07,388 - DEBUG - 最终配置参数: {'strategy': 'sequential', 'max_pages': 2}
2025-04-08 15:47:07,388 - DEBUG - 准备启动豆瓣爬虫: 霸王别姬
2025-04-08 15:47:07,389 - DEBUG - 爬取策略: sequential, 配置: {'strategy': 'sequential', 'max_pages': 2}
2025-04-08 15:47:07,389 - DEBUG - 爬虫线程已启动: DoubanSpider-1744098427
2025-04-08 15:54:47,298 - DEBUG - 使用参数启动豆瓣爬虫: 霸王别姬, 策略: sequential
2025-04-08 15:54:47,298 - DEBUG - 最终配置参数: {'strategy': 'sequential', 'max_pages': 2}
2025-04-08 15:54:47,300 - DEBUG - 准备启动豆瓣爬虫: 霸王别姬
2025-04-08 15:54:47,300 - DEBUG - 爬取策略: sequential, 配置: {'strategy': 'sequential', 'max_pages': 2}
2025-04-08 15:54:47,301 - DEBUG - 爬虫线程已启动: DoubanSpider-1744098887
2025-04-08 16:07:18,201 - DEBUG - 使用参数启动豆瓣爬虫: 霸王别姬, 策略: sequential
2025-04-08 16:07:18,201 - DEBUG - 最终配置参数: {'strategy': 'sequential', 'max_pages': 2}
2025-04-08 16:07:18,202 - DEBUG - 准备启动豆瓣爬虫: 霸王别姬
2025-04-08 16:07:18,202 - DEBUG - 爬取策略: sequential, 配置: {'strategy': 'sequential', 'max_pages': 2}
2025-04-08 16:07:18,202 - DEBUG - 爬虫线程已启动: DoubanSpider-1744099638
2025-04-08 16:07:53,037 - DEBUG - 使用参数启动豆瓣爬虫: 霸王别姬, 策略: sequential
2025-04-08 16:07:53,038 - DEBUG - 最终配置参数: {'strategy': 'sequential', 'max_pages': 2}
2025-04-08 16:07:53,038 - DEBUG - 准备启动豆瓣爬虫: 霸王别姬
2025-04-08 16:07:53,038 - DEBUG - 爬取策略: sequential, 配置: {'strategy': 'sequential', 'max_pages': 2}
2025-04-08 16:07:53,039 - DEBUG - 爬虫线程已启动: DoubanSpider-1744099673
2025-04-08 16:09:28,296 - DEBUG - 使用参数启动豆瓣爬虫: 霸王别姬, 策略: sequential
2025-04-08 16:09:28,296 - DEBUG - 最终配置参数: {'strategy': 'sequential', 'max_pages': 2}
2025-04-08 16:09:28,296 - DEBUG - 准备启动豆瓣爬虫: 霸王别姬
2025-04-08 16:09:28,297 - DEBUG - 爬取策略: sequential, 配置: {'strategy': 'sequential', 'max_pages': 2}
2025-04-08 16:09:28,297 - DEBUG - 爬虫线程已启动: DoubanSpider-1744099768
2025-04-08 16:10:49,954 - DEBUG - 使用参数启动豆瓣爬虫: 霸王别姬, 策略: sequential
2025-04-08 16:10:49,955 - DEBUG - 最终配置参数: {'strategy': 'sequential', 'max_pages': 2}
2025-04-08 16:10:49,955 - DEBUG - 准备启动豆瓣爬虫: 霸王别姬
2025-04-08 16:10:49,955 - DEBUG - 爬取策略: sequential, 配置: {'strategy': 'sequential', 'max_pages': 2}
2025-04-08 16:10:49,956 - DEBUG - 爬虫线程已启动: DoubanSpider-1744099849
2025-04-08 16:13:53,529 - DEBUG - 使用参数启动豆瓣爬虫: 霸王别姬, 策略: sequential
2025-04-08 16:13:53,531 - DEBUG - 最终配置参数: {'strategy': 'sequential', 'max_pages': 2}
2025-04-08 16:13:53,531 - DEBUG - 准备启动豆瓣爬虫: 霸王别姬
2025-04-08 16:13:53,531 - DEBUG - 爬取策略: sequential, 配置: {'strategy': 'sequential', 'max_pages': 2}
2025-04-08 16:13:53,532 - DEBUG - 爬虫线程已启动: DoubanSpider-1744100033
2025-04-08 16:14:29,064 - DEBUG - 使用参数启动豆瓣爬虫: 霸王别姬, 策略: sequential
2025-04-08 16:14:29,064 - DEBUG - 最终配置参数: {'strategy': 'sequential', 'max_pages': 2}
2025-04-08 16:14:29,065 - DEBUG - 准备启动豆瓣爬虫: 霸王别姬
2025-04-08 16:14:29,065 - DEBUG - 爬取策略: sequential, 配置: {'strategy': 'sequential', 'max_pages': 2}
2025-04-08 16:14:29,066 - DEBUG - 爬虫线程已启动: DoubanSpider-1744100069
2025-04-08 16:24:49,314 - DEBUG - 使用参数启动豆瓣爬虫: 霸王别姬, 策略: sequential
2025-04-08 16:24:49,315 - DEBUG - 最终配置参数: {'strategy': 'sequential', 'max_pages': 2}
2025-04-08 16:24:49,315 - DEBUG - 准备启动豆瓣爬虫: 霸王别姬
2025-04-08 16:24:49,315 - DEBUG - 爬取策略: sequential, 配置: {'strategy': 'sequential', 'max_pages': 2}
2025-04-08 16:24:49,316 - DEBUG - 爬虫线程已启动: DoubanSpider-1744100689
2025-04-08 16:25:00,531 - DEBUG - 使用参数启动豆瓣爬虫: 霸王别姬, 策略: sequential
2025-04-08 16:25:00,532 - DEBUG - 最终配置参数: {'strategy': 'sequential', 'max_pages': 2}
2025-04-08 16:25:00,532 - DEBUG - 准备启动豆瓣爬虫: 霸王别姬
2025-04-08 16:25:00,533 - DEBUG - 爬取策略: sequential, 配置: {'strategy': 'sequential', 'max_pages': 2}
2025-04-08 16:25:00,533 - DEBUG - 爬虫线程已启动: DoubanSpider-1744100700
2025-04-08 16:40:01,553 - DEBUG - 使用参数启动豆瓣爬虫: 霸王别姬, 策略: sequential
2025-04-08 16:40:01,554 - DEBUG - 最终配置参数: {'strategy': 'sequential', 'max_pages': 2}
2025-04-08 16:40:01,555 - DEBUG - 准备启动豆瓣爬虫: 霸王别姬
2025-04-08 16:40:01,555 - DEBUG - 爬取策略: sequential, 配置: {'strategy': 'sequential', 'max_pages': 2}
2025-04-08 16:40:01,556 - DEBUG - 爬虫线程已启动: DoubanSpider-1744101601
2025-04-08 16:43:17,194 - DEBUG - 使用参数启动豆瓣爬虫: 霸王别姬, 策略: sequential
2025-04-08 16:43:17,195 - DEBUG - 最终配置参数: {'strategy': 'sequential', 'max_pages': 2}
2025-04-08 16:43:17,195 - DEBUG - 准备启动豆瓣爬虫: 霸王别姬
2025-04-08 16:43:17,195 - DEBUG - 爬取策略: sequential, 配置: {'strategy': 'sequential', 'max_pages': 2}
2025-04-08 16:43:17,196 - DEBUG - 爬虫线程已启动: DoubanSpider-1744101797
2025-04-08 16:54:45,556 - DEBUG - 使用参数启动豆瓣爬虫: 霸王别姬, 策略: sequential
2025-04-08 16:54:45,556 - DEBUG - 最终配置参数: {'strategy': 'sequential', 'max_pages': 2}
2025-04-08 16:54:45,557 - DEBUG - 准备启动豆瓣爬虫: 霸王别姬
2025-04-08 16:54:45,557 - DEBUG - 爬取策略: sequential, 配置: {'strategy': 'sequential', 'max_pages': 2}
2025-04-08 16:54:45,558 - DEBUG - 爬虫线程已启动: DoubanSpider-1744102485
2025-04-08 16:55:05,156 - DEBUG - 使用参数启动豆瓣爬虫: 霸王别姬, 策略: sequential
2025-04-08 16:55:05,156 - DEBUG - 最终配置参数: {'strategy': 'sequential', 'max_pages': 2}
2025-04-08 16:55:05,157 - DEBUG - 准备启动豆瓣爬虫: 霸王别姬
2025-04-08 16:55:05,157 - DEBUG - 爬取策略: sequential, 配置: {'strategy': 'sequential', 'max_pages': 2}
2025-04-08 16:55:05,157 - DEBUG - 爬虫线程已启动: DoubanSpider-1744102505
2025-04-08 17:17:35,618 - DEBUG - 使用参数启动豆瓣爬虫: 霸王别姬, 策略: sequential
2025-04-08 17:17:35,619 - DEBUG - 最终配置参数: {'strategy': 'sequential', 'max_pages': 2}
2025-04-08 17:17:35,620 - DEBUG - 准备启动豆瓣爬虫: 霸王别姬
2025-04-08 17:17:35,620 - DEBUG - 爬取策略: sequential, 配置: {'strategy': 'sequential', 'max_pages': 2}
2025-04-08 17:17:35,621 - DEBUG - 爬虫线程已启动: DoubanSpider-1744103855
2025-04-08 18:32:36,482 - DEBUG - 使用参数启动豆瓣爬虫: 霸王别姬, 策略: sequential
2025-04-08 18:32:36,483 - DEBUG - 最终配置参数: {'strategy': 'sequential', 'max_pages': 2}
2025-04-08 18:32:36,484 - DEBUG - 准备启动豆瓣爬虫: 霸王别姬
2025-04-08 18:32:36,484 - DEBUG - 爬取策略: sequential, 配置: {'strategy': 'sequential', 'max_pages': 2}
2025-04-08 18:32:36,486 - DEBUG - 爬虫线程已启动: DoubanSpider-1744108356
2025-04-08 18:35:28,724 - DEBUG - 使用参数启动豆瓣爬虫: 霸王别姬, 策略: sequential
2025-04-08 18:35:28,724 - DEBUG - 最终配置参数: {'strategy': 'sequential', 'max_pages': 2}
2025-04-08 18:35:28,725 - DEBUG - 准备启动豆瓣爬虫: 霸王别姬
2025-04-08 18:35:28,726 - DEBUG - 爬取策略: sequential, 配置: {'strategy': 'sequential', 'max_pages': 2}
2025-04-08 18:35:28,727 - DEBUG - 爬虫线程已启动: DoubanSpider-1744108528
2025-04-08 18:45:37,752 - DEBUG - 使用参数启动豆瓣爬虫: 霸王别姬, 策略: sequential
2025-04-08 18:45:37,753 - DEBUG - 最终配置参数: {'strategy': 'sequential', 'max_pages': 2}
2025-04-08 18:45:37,754 - DEBUG - 准备启动豆瓣爬虫: 霸王别姬
2025-04-08 18:45:37,754 - DEBUG - 爬取策略: sequential, 配置: {'strategy': 'sequential', 'max_pages': 2}
2025-04-08 18:45:37,754 - DEBUG - 爬虫线程已启动: DoubanSpider-1744109137
2025-04-08 18:49:00,036 - DEBUG - 使用参数启动豆瓣爬虫: 霸王别姬, 策略: sequential
2025-04-08 18:49:00,038 - DEBUG - 最终配置参数: {'strategy': 'sequential', 'max_pages': 2}
2025-04-08 18:49:00,039 - DEBUG - 准备启动豆瓣爬虫: 霸王别姬
2025-04-08 18:49:00,039 - DEBUG - 爬取策略: sequential, 配置: {'strategy': 'sequential', 'max_pages': 2}
2025-04-08 18:49:00,041 - DEBUG - 爬虫线程已启动: DoubanSpider-1744109340
2025-04-08 18:50:06,991 - DEBUG - 使用参数启动豆瓣爬虫: 霸王别姬, 策略: sequential
2025-04-08 18:50:06,992 - DEBUG - 最终配置参数: {'strategy': 'sequential', 'max_pages': 2}
2025-04-08 18:50:06,993 - DEBUG - 准备启动豆瓣爬虫: 霸王别姬
2025-04-08 18:50:06,994 - DEBUG - 爬取策略: sequential, 配置: {'strategy': 'sequential', 'max_pages': 2}
2025-04-08 18:50:06,995 - DEBUG - 爬虫线程已启动: DoubanSpider-1744109406
2025-04-08 18:51:12,274 - DEBUG - 使用参数启动豆瓣爬虫: 霸王别姬, 策略: sequential
2025-04-08 18:51:12,275 - DEBUG - 最终配置参数: {'strategy': 'sequential', 'max_pages': 2}
2025-04-08 18:51:12,275 - DEBUG - 准备启动豆瓣爬虫: 霸王别姬
2025-04-08 18:51:12,275 - DEBUG - 爬取策略: sequential, 配置: {'strategy': 'sequential', 'max_pages': 2}
2025-04-08 18:51:12,276 - DEBUG - 爬虫线程已启动: DoubanSpider-1744109472
2025-04-08 18:52:14,053 - DEBUG - 使用参数启动豆瓣爬虫: 霸王别姬, 策略: sequential
2025-04-08 18:52:14,053 - DEBUG - 最终配置参数: {'strategy': 'sequential', 'max_pages': 2}
2025-04-08 18:52:14,055 - DEBUG - 准备启动豆瓣爬虫: 霸王别姬
2025-04-08 18:52:14,055 - DEBUG - 爬取策略: sequential, 配置: {'strategy': 'sequential', 'max_pages': 2}
2025-04-08 18:52:14,055 - DEBUG - 爬虫线程已启动: DoubanSpider-1744109534
2025-04-08 18:53:07,674 - DEBUG - 使用参数启动豆瓣爬虫: 霸王别姬, 策略: sequential
2025-04-08 18:53:07,675 - DEBUG - 最终配置参数: {'strategy': 'sequential', 'max_pages': 2}
2025-04-08 18:53:07,675 - DEBUG - 准备启动豆瓣爬虫: 霸王别姬
2025-04-08 18:53:07,676 - DEBUG - 爬取策略: sequential, 配置: {'strategy': 'sequential', 'max_pages': 2}
2025-04-08 18:53:07,677 - DEBUG - 爬虫线程已启动: DoubanSpider-1744109587
2025-04-08 18:54:57,317 - DEBUG - 使用参数启动豆瓣爬虫: 霸王别姬, 策略: sequential
2025-04-08 18:54:57,317 - DEBUG - 最终配置参数: {'strategy': 'sequential', 'max_pages': 2}
2025-04-08 18:54:57,318 - DEBUG - 准备启动豆瓣爬虫: 霸王别姬
2025-04-08 18:54:57,318 - DEBUG - 爬取策略: sequential, 配置: {'strategy': 'sequential', 'max_pages': 2}
2025-04-08 18:54:57,319 - DEBUG - 爬虫线程已启动: DoubanSpider-1744109697
2025-04-08 18:55:34,114 - DEBUG - 使用参数启动豆瓣爬虫: 霸王别姬, 策略: sequential
2025-04-08 18:55:34,115 - DEBUG - 最终配置参数: {'strategy': 'sequential', 'max_pages': 2}
2025-04-08 18:55:34,115 - DEBUG - 准备启动豆瓣爬虫: 霸王别姬
2025-04-08 18:55:34,115 - DEBUG - 爬取策略: sequential, 配置: {'strategy': 'sequential', 'max_pages': 2}
2025-04-08 18:55:34,117 - DEBUG - 爬虫线程已启动: DoubanSpider-1744109734
2025-04-08 20:27:56,916 - DEBUG - 使用参数启动豆瓣爬虫: 霸王别姬, 策略: sequential
2025-04-08 20:27:56,917 - DEBUG - 最终配置参数: {'strategy': 'sequential', 'max_pages': 2}
2025-04-08 20:27:56,917 - DEBUG - 准备启动豆瓣爬虫: 霸王别姬
2025-04-08 20:27:56,917 - DEBUG - 爬取策略: sequential, 配置: {'strategy': 'sequential', 'max_pages': 2}
2025-04-08 20:27:56,918 - DEBUG - 爬虫线程已启动: DoubanSpider-1744115276
