2025-03-24 21:48:29,784 - WARNING - 执行爬虫任务...
2025-03-24 21:48:29,784 - WARNING - IP池调度器已启动
2025-03-24 21:48:31,108 - WARNING - 执行爬虫任务...
2025-03-24 21:48:31,108 - WARNING - IP池调度器已启动
2025-03-24 21:48:32,332 - WARNING - 执行爬虫任务...
2025-03-24 21:48:32,332 - WARNING - IP池调度器已启动
2025-03-24 21:48:33,564 - WARNING - 执行爬虫任务...
2025-03-24 21:48:33,564 - WARNING - IP池调度器已启动
2025-03-24 21:48:34,872 - WARNING - 执行爬虫任务...
2025-03-24 21:48:34,872 - WARNING - IP池调度器已启动
2025-03-24 21:48:36,312 - WARNING - 执行爬虫任务...
2025-03-24 21:48:36,312 - WARNING - IP池调度器已启动
2025-03-24 21:48:37,725 - WARNING - 执行爬虫任务...
2025-03-24 21:48:37,726 - WARNING - IP池调度器已启动
2025-03-24 21:48:39,283 - WARNING - 执行爬虫任务...
2025-03-24 21:48:39,283 - WARNING - IP池调度器已启动
2025-03-24 21:48:40,784 - WARNING - 执行爬虫任务...
2025-03-24 21:48:40,784 - WARNING - IP池调度器已启动
2025-03-24 21:48:42,333 - WARNING - 执行爬虫任务...
2025-03-24 21:48:42,333 - WARNING - IP池调度器已启动
2025-03-24 21:48:44,296 - WARNING - 执行爬虫任务...
2025-03-24 21:48:44,296 - WARNING - IP池调度器已启动
2025-03-24 21:48:46,204 - WARNING - 执行爬虫任务...
2025-03-24 21:48:46,204 - WARNING - IP池调度器已启动
2025-03-24 21:48:47,954 - WARNING - 执行爬虫任务...
2025-03-24 21:48:47,955 - WARNING - IP池调度器已启动
2025-03-24 21:48:50,001 - WARNING - 执行爬虫任务...
2025-03-24 21:48:50,001 - WARNING - IP池调度器已启动
2025-03-24 21:48:51,844 - WARNING - 执行爬虫任务...
2025-03-24 21:48:51,844 - WARNING - IP池调度器已启动
2025-03-24 21:48:53,790 - WARNING - 执行爬虫任务...
2025-03-24 21:48:53,791 - WARNING - IP池调度器已启动
2025-03-24 21:48:56,527 - WARNING - 执行爬虫任务...
2025-03-24 21:48:56,527 - WARNING - IP池调度器已启动
2025-03-24 21:48:59,943 - WARNING - 执行爬虫任务...
2025-03-24 21:48:59,943 - WARNING - IP池调度器已启动
2025-03-24 21:49:02,381 - WARNING - 执行爬虫任务...
2025-03-24 21:49:02,382 - WARNING - IP池调度器已启动
2025-03-24 21:49:05,522 - WARNING - 执行爬虫任务...
2025-03-24 21:49:05,523 - WARNING - IP池调度器已启动
2025-03-24 21:49:07,815 - WARNING - 执行爬虫任务...
2025-03-24 21:49:07,815 - WARNING - IP池调度器已启动
2025-03-24 21:49:10,624 - WARNING - 执行爬虫任务...
2025-03-24 21:49:10,624 - WARNING - IP池调度器已启动
2025-03-24 21:49:13,462 - WARNING - 执行爬虫任务...
2025-03-24 21:49:13,462 - WARNING - IP池调度器已启动
2025-03-24 21:49:17,618 - WARNING - 执行爬虫任务...
2025-03-24 21:49:17,618 - WARNING - IP池调度器已启动
2025-03-24 21:49:21,348 - WARNING - 执行爬虫任务...
2025-03-24 21:49:21,348 - WARNING - IP池调度器已启动
2025-03-24 21:49:24,690 - WARNING - 执行爬虫任务...
2025-03-24 21:49:24,690 - WARNING - IP池调度器已启动
2025-03-24 21:49:27,540 - WARNING - 执行爬虫任务...
2025-03-24 21:49:27,540 - WARNING - IP池调度器已启动
2025-03-24 21:49:31,296 - WARNING - 执行爬虫任务...
2025-03-24 21:49:31,297 - WARNING - IP池调度器已启动
2025-03-24 21:49:35,809 - WARNING - 执行爬虫任务...
2025-03-24 21:49:35,809 - WARNING - IP池调度器已启动
2025-03-24 21:49:39,470 - WARNING - 执行爬虫任务...
2025-03-24 21:49:39,470 - WARNING - IP池调度器已启动
2025-03-24 21:49:42,253 - WARNING - 执行爬虫任务...
2025-03-24 21:49:42,253 - WARNING - IP池调度器已启动
2025-03-24 21:49:44,875 - WARNING - 执行爬虫任务...
2025-03-24 21:49:44,875 - WARNING - IP池调度器已启动
2025-03-24 21:49:47,293 - ERROR - 爬虫任务失败
2025-03-24 21:49:47,775 - WARNING - 执行爬虫任务...
2025-03-24 21:49:47,775 - WARNING - IP池调度器已启动
2025-03-24 21:49:52,100 - WARNING - 执行爬虫任务...
2025-03-24 21:49:52,100 - WARNING - IP池调度器已启动
2025-03-24 21:49:55,434 - WARNING - 执行爬虫任务...
2025-03-24 21:49:55,434 - WARNING - IP池调度器已启动
2025-03-24 21:49:58,656 - WARNING - 执行爬虫任务...
2025-03-24 21:49:58,656 - WARNING - IP池调度器已启动
2025-03-24 21:50:01,530 - WARNING - 执行爬虫任务...
2025-03-24 21:50:01,530 - WARNING - IP池调度器已启动
2025-03-24 21:50:04,268 - WARNING - 执行爬虫任务...
2025-03-24 21:50:04,268 - WARNING - IP池调度器已启动
2025-03-24 21:50:09,189 - WARNING - 执行爬虫任务...
2025-03-24 21:50:09,189 - WARNING - IP池调度器已启动
2025-03-24 21:50:13,156 - WARNING - 执行爬虫任务...
2025-03-24 21:50:13,156 - WARNING - IP池调度器已启动
2025-03-24 21:50:16,649 - WARNING - 执行爬虫任务...
2025-03-24 21:50:16,649 - WARNING - IP池调度器已启动
2025-03-24 21:50:17,712 - ERROR - 爬虫任务失败
2025-03-24 22:04:34,335 - WARNING - 执行爬虫任务...
2025-03-24 22:04:34,335 - WARNING - IP池调度器已启动
2025-03-24 22:04:35,608 - WARNING - 执行爬虫任务...
2025-03-24 22:04:35,608 - WARNING - IP池调度器已启动
2025-03-24 22:04:36,847 - WARNING - 执行爬虫任务...
2025-03-24 22:04:36,847 - WARNING - IP池调度器已启动
2025-03-24 22:04:38,190 - WARNING - 执行爬虫任务...
2025-03-24 22:04:38,191 - WARNING - IP池调度器已启动
2025-03-24 22:04:39,509 - WARNING - 执行爬虫任务...
2025-03-24 22:04:39,510 - WARNING - IP池调度器已启动
2025-03-24 22:04:40,814 - WARNING - 执行爬虫任务...
2025-03-24 22:04:40,814 - WARNING - IP池调度器已启动
2025-03-24 22:04:42,208 - WARNING - 执行爬虫任务...
2025-03-24 22:04:42,208 - WARNING - IP池调度器已启动
2025-03-24 22:04:43,535 - WARNING - 执行爬虫任务...
2025-03-24 22:04:43,535 - WARNING - IP池调度器已启动
2025-03-24 22:04:44,995 - WARNING - 执行爬虫任务...
2025-03-24 22:04:44,995 - WARNING - IP池调度器已启动
2025-03-24 22:04:46,483 - WARNING - 执行爬虫任务...
2025-03-24 22:04:46,485 - WARNING - IP池调度器已启动
2025-03-24 22:04:47,953 - WARNING - 执行爬虫任务...
2025-03-24 22:04:47,953 - WARNING - IP池调度器已启动
2025-03-24 22:04:49,458 - WARNING - 执行爬虫任务...
2025-03-24 22:04:49,458 - WARNING - IP池调度器已启动
2025-03-24 22:04:51,028 - WARNING - 执行爬虫任务...
2025-03-24 22:04:51,028 - WARNING - IP池调度器已启动
2025-03-24 22:04:52,570 - WARNING - 执行爬虫任务...
2025-03-24 22:04:52,570 - WARNING - IP池调度器已启动
2025-03-24 22:04:53,359 - ERROR - 爬虫任务失败
2025-03-24 22:04:55,521 - WARNING - 爬虫任务完成
2025-03-24 22:04:55,680 - ERROR - 爬虫任务失败
2025-03-24 22:04:55,839 - ERROR - 爬虫任务失败
2025-03-24 22:04:55,988 - ERROR - 爬虫任务失败
2025-03-24 22:04:56,200 - ERROR - 爬虫任务失败
2025-03-24 22:04:56,356 - ERROR - 爬虫任务失败
2025-03-24 22:04:56,526 - ERROR - 爬虫任务失败
2025-03-24 22:04:56,687 - ERROR - 爬虫任务失败
2025-03-24 22:04:56,855 - ERROR - 爬虫任务失败
2025-03-24 22:04:57,052 - ERROR - 爬虫任务失败
2025-03-24 22:04:57,229 - ERROR - 爬虫任务失败
2025-03-24 22:08:35,928 - WARNING - 执行爬虫任务...
2025-03-24 22:08:35,928 - WARNING - IP池调度器已启动
2025-03-24 22:08:37,364 - WARNING - 执行爬虫任务...
2025-03-24 22:08:37,364 - WARNING - IP池调度器已启动
2025-03-24 22:08:38,658 - WARNING - 执行爬虫任务...
2025-03-24 22:08:38,658 - WARNING - IP池调度器已启动
2025-03-24 22:08:39,965 - WARNING - 执行爬虫任务...
2025-03-24 22:08:39,965 - WARNING - IP池调度器已启动
2025-03-24 22:08:41,381 - WARNING - 执行爬虫任务...
2025-03-24 22:08:41,381 - WARNING - IP池调度器已启动
2025-03-24 22:08:42,957 - WARNING - 执行爬虫任务...
2025-03-24 22:08:42,957 - WARNING - IP池调度器已启动
2025-03-24 22:08:44,695 - WARNING - 执行爬虫任务...
2025-03-24 22:08:44,695 - WARNING - IP池调度器已启动
2025-03-24 22:08:46,439 - WARNING - 执行爬虫任务...
2025-03-24 22:08:46,439 - WARNING - IP池调度器已启动
2025-03-24 22:08:48,084 - WARNING - 执行爬虫任务...
2025-03-24 22:08:48,085 - WARNING - IP池调度器已启动
2025-03-24 22:08:49,736 - WARNING - 执行爬虫任务...
2025-03-24 22:08:49,736 - WARNING - IP池调度器已启动
2025-03-24 22:08:51,365 - WARNING - 执行爬虫任务...
2025-03-24 22:08:51,365 - WARNING - IP池调度器已启动
2025-03-24 22:08:53,276 - WARNING - 执行爬虫任务...
2025-03-24 22:08:53,276 - WARNING - IP池调度器已启动
2025-03-24 22:08:55,286 - WARNING - 执行爬虫任务...
2025-03-24 22:08:55,286 - WARNING - IP池调度器已启动
2025-03-24 22:08:56,178 - ERROR - 爬虫任务失败
2025-03-24 22:08:56,460 - ERROR - 爬虫任务失败
2025-03-24 22:23:03,491 - WARNING - 执行爬虫任务...
2025-03-24 22:23:03,491 - WARNING - IP池调度器已启动
2025-03-24 22:23:04,772 - WARNING - 执行爬虫任务...
2025-03-24 22:23:04,772 - WARNING - IP池调度器已启动
2025-03-24 22:23:06,125 - WARNING - 执行爬虫任务...
2025-03-24 22:23:06,125 - WARNING - IP池调度器已启动
2025-03-24 22:23:07,408 - WARNING - 执行爬虫任务...
2025-03-24 22:23:07,408 - WARNING - IP池调度器已启动
2025-03-24 22:23:08,737 - WARNING - 执行爬虫任务...
2025-03-24 22:23:08,738 - WARNING - IP池调度器已启动
2025-03-24 22:23:10,184 - WARNING - 执行爬虫任务...
2025-03-24 22:23:10,184 - WARNING - IP池调度器已启动
2025-03-24 22:23:11,650 - WARNING - 执行爬虫任务...
2025-03-24 22:23:11,650 - WARNING - IP池调度器已启动
2025-03-24 22:23:13,591 - WARNING - 执行爬虫任务...
2025-03-24 22:23:13,592 - WARNING - IP池调度器已启动
2025-03-24 22:23:15,307 - WARNING - 执行爬虫任务...
2025-03-24 22:23:15,307 - WARNING - IP池调度器已启动
2025-03-24 22:23:17,178 - WARNING - 执行爬虫任务...
2025-03-24 22:23:17,178 - WARNING - IP池调度器已启动
2025-03-24 22:23:18,998 - WARNING - 执行爬虫任务...
2025-03-24 22:23:18,998 - WARNING - IP池调度器已启动
2025-03-24 22:23:20,853 - WARNING - 执行爬虫任务...
2025-03-24 22:23:20,853 - WARNING - IP池调度器已启动
2025-03-24 22:23:22,597 - WARNING - 执行爬虫任务...
2025-03-24 22:23:22,597 - WARNING - IP池调度器已启动
2025-03-24 22:23:24,410 - WARNING - 执行爬虫任务...
2025-03-24 22:23:24,410 - WARNING - IP池调度器已启动
2025-03-24 22:23:26,554 - WARNING - 执行爬虫任务...
2025-03-24 22:23:26,554 - WARNING - IP池调度器已启动
2025-03-24 22:23:28,849 - WARNING - 执行爬虫任务...
2025-03-24 22:23:28,850 - WARNING - IP池调度器已启动
2025-03-24 22:23:31,390 - WARNING - 执行爬虫任务...
2025-03-24 22:23:31,390 - WARNING - IP池调度器已启动
2025-03-24 22:23:33,923 - WARNING - 执行爬虫任务...
2025-03-24 22:23:33,923 - WARNING - IP池调度器已启动
2025-03-24 22:23:35,989 - WARNING - 执行爬虫任务...
2025-03-24 22:23:35,989 - WARNING - IP池调度器已启动
2025-03-24 22:23:38,327 - WARNING - 执行爬虫任务...
2025-03-24 22:23:38,327 - WARNING - IP池调度器已启动
2025-03-24 22:23:40,400 - WARNING - 执行爬虫任务...
2025-03-24 22:23:40,400 - WARNING - IP池调度器已启动
2025-03-24 22:23:42,597 - WARNING - 执行爬虫任务...
2025-03-24 22:23:42,597 - WARNING - IP池调度器已启动
2025-03-24 22:23:44,710 - WARNING - 执行爬虫任务...
2025-03-24 22:23:44,711 - WARNING - IP池调度器已启动
2025-03-24 22:23:47,735 - WARNING - 执行爬虫任务...
2025-03-24 22:23:47,735 - WARNING - IP池调度器已启动
2025-03-24 22:23:48,395 - ERROR - 爬虫任务失败
2025-03-24 22:23:48,580 - ERROR - 爬虫任务失败
2025-03-24 22:23:48,671 - ERROR - 爬虫任务失败
2025-03-24 22:23:48,714 - ERROR - 爬虫任务失败
2025-03-24 22:23:48,775 - ERROR - 爬虫任务失败
2025-03-24 22:23:48,868 - ERROR - 爬虫任务失败
2025-03-24 22:23:48,930 - ERROR - 爬虫任务失败
2025-03-24 22:23:48,968 - ERROR - 爬虫任务失败
2025-03-24 22:23:49,035 - ERROR - 爬虫任务失败
2025-03-25 19:06:13,301 - WARNING - 执行爬虫任务...
2025-03-25 19:06:13,301 - WARNING - IP池调度器已启动
2025-03-25 19:06:15,058 - WARNING - 执行爬虫任务...
2025-03-25 19:06:15,058 - WARNING - IP池调度器已启动
2025-03-25 19:06:16,733 - WARNING - 执行爬虫任务...
2025-03-25 19:06:16,733 - WARNING - IP池调度器已启动
2025-03-25 19:06:18,647 - WARNING - 执行爬虫任务...
2025-03-25 19:06:18,647 - WARNING - IP池调度器已启动
2025-03-25 19:06:21,365 - WARNING - 执行爬虫任务...
2025-03-25 19:06:21,365 - WARNING - IP池调度器已启动
2025-03-25 19:06:24,566 - WARNING - 执行爬虫任务...
2025-03-25 19:06:24,566 - WARNING - IP池调度器已启动
2025-03-25 19:06:27,439 - WARNING - 执行爬虫任务...
2025-03-25 19:06:27,439 - WARNING - IP池调度器已启动
2025-03-25 19:06:30,749 - WARNING - 执行爬虫任务...
2025-03-25 19:06:30,750 - WARNING - IP池调度器已启动
2025-03-25 19:06:34,753 - WARNING - 执行爬虫任务...
2025-03-25 19:06:34,753 - WARNING - IP池调度器已启动
2025-03-25 19:06:38,264 - WARNING - 执行爬虫任务...
2025-03-25 19:06:38,264 - WARNING - IP池调度器已启动
2025-03-25 19:06:41,951 - WARNING - 执行爬虫任务...
2025-03-25 19:06:41,951 - WARNING - IP池调度器已启动
2025-03-25 19:06:45,191 - WARNING - 执行爬虫任务...
2025-03-25 19:06:45,191 - WARNING - IP池调度器已启动
2025-03-25 19:06:48,809 - WARNING - 执行爬虫任务...
2025-03-25 19:06:48,809 - WARNING - IP池调度器已启动
2025-03-25 19:06:52,820 - WARNING - 执行爬虫任务...
2025-03-25 19:06:52,820 - WARNING - IP池调度器已启动
2025-03-25 19:06:56,960 - WARNING - 执行爬虫任务...
2025-03-25 19:06:56,960 - WARNING - IP池调度器已启动
2025-03-25 19:07:01,242 - WARNING - 执行爬虫任务...
2025-03-25 19:07:01,242 - WARNING - IP池调度器已启动
2025-03-25 19:07:05,221 - WARNING - 执行爬虫任务...
2025-03-25 19:07:05,221 - WARNING - IP池调度器已启动
2025-03-25 19:07:09,159 - WARNING - 执行爬虫任务...
2025-03-25 19:07:09,159 - WARNING - IP池调度器已启动
2025-03-25 19:07:13,774 - WARNING - 执行爬虫任务...
2025-03-25 19:07:13,774 - WARNING - IP池调度器已启动
2025-03-25 19:07:18,079 - WARNING - 执行爬虫任务...
2025-03-25 19:07:18,079 - WARNING - IP池调度器已启动
2025-03-25 19:07:21,333 - WARNING - 执行爬虫任务...
2025-03-25 19:07:21,333 - WARNING - IP池调度器已启动
2025-03-25 19:07:24,810 - WARNING - 执行爬虫任务...
2025-03-25 19:07:24,810 - WARNING - IP池调度器已启动
2025-03-25 19:07:28,636 - WARNING - 执行爬虫任务...
2025-03-25 19:07:28,636 - WARNING - IP池调度器已启动
2025-03-25 19:07:33,044 - WARNING - 执行爬虫任务...
2025-03-25 19:07:33,045 - WARNING - IP池调度器已启动
2025-03-25 19:07:35,135 - WARNING - 爬虫任务完成
2025-03-25 19:13:48,930 - WARNING - 爬虫任务完成
2025-03-25 19:14:07,271 - WARNING - 爬虫任务完成
2025-03-25 19:18:41,833 - WARNING - IP池调度器已启动
2025-03-25 19:18:44,146 - WARNING - 执行爬虫任务...
2025-03-25 19:18:46,430 - WARNING - IP池调度器已启动
2025-03-25 19:18:49,101 - WARNING - 执行爬虫任务...
2025-03-25 19:18:50,947 - WARNING - IP池调度器已启动
2025-03-25 19:18:53,416 - WARNING - 执行爬虫任务...
2025-03-25 19:18:55,590 - WARNING - IP池调度器已启动
2025-03-25 19:18:58,524 - WARNING - 执行爬虫任务...
2025-03-25 19:19:00,964 - WARNING - IP池调度器已启动
2025-03-25 19:19:03,961 - WARNING - 执行爬虫任务...
2025-03-25 19:19:06,912 - WARNING - IP池调度器已启动
2025-03-25 19:19:10,218 - WARNING - 执行爬虫任务...
2025-03-25 19:19:12,906 - WARNING - IP池调度器已启动
2025-03-25 19:19:16,372 - WARNING - 执行爬虫任务...
2025-03-25 19:19:19,567 - WARNING - IP池调度器已启动
2025-03-25 19:19:23,808 - WARNING - 执行爬虫任务...
2025-03-25 19:19:26,723 - WARNING - IP池调度器已启动
2025-03-25 19:19:29,651 - WARNING - 执行爬虫任务...
2025-03-25 19:19:32,265 - WARNING - IP池调度器已启动
2025-03-25 19:19:35,811 - WARNING - 执行爬虫任务...
2025-03-25 19:19:38,900 - WARNING - IP池调度器已启动
2025-03-25 19:19:41,653 - WARNING - 执行爬虫任务...
2025-03-25 19:19:41,827 - ERROR - 爬虫任务失败
2025-03-25 19:21:30,858 - WARNING - IP池调度器已启动
2025-03-25 19:21:32,931 - WARNING - 执行爬虫任务...
2025-03-25 19:21:34,838 - WARNING - IP池调度器已启动
2025-03-25 19:21:36,815 - WARNING - 执行爬虫任务...
2025-03-25 19:21:38,572 - WARNING - IP池调度器已启动
2025-03-25 19:21:41,059 - WARNING - 执行爬虫任务...
2025-03-25 19:21:43,380 - WARNING - IP池调度器已启动
2025-03-25 19:21:45,922 - WARNING - 执行爬虫任务...
2025-03-25 19:21:48,281 - WARNING - IP池调度器已启动
2025-03-25 19:21:50,722 - WARNING - 执行爬虫任务...
2025-03-25 19:21:53,143 - WARNING - IP池调度器已启动
2025-03-25 19:21:56,925 - WARNING - 执行爬虫任务...
2025-03-25 19:22:01,048 - WARNING - IP池调度器已启动
2025-03-25 19:22:05,325 - WARNING - 执行爬虫任务...
2025-03-25 19:22:09,085 - WARNING - IP池调度器已启动
2025-03-25 19:22:13,261 - WARNING - 执行爬虫任务...
2025-03-25 19:22:16,151 - WARNING - IP池调度器已启动
2025-03-25 19:22:18,966 - WARNING - 执行爬虫任务...
2025-03-25 19:22:21,643 - WARNING - IP池调度器已启动
2025-03-25 19:22:24,501 - WARNING - 执行爬虫任务...
2025-03-25 19:22:27,418 - WARNING - IP池调度器已启动
2025-03-25 19:22:31,033 - WARNING - 执行爬虫任务...
2025-03-25 19:22:34,461 - WARNING - IP池调度器已启动
2025-03-25 19:22:38,174 - WARNING - 执行爬虫任务...
2025-03-25 19:22:41,530 - WARNING - IP池调度器已启动
2025-03-25 19:22:45,057 - WARNING - 执行爬虫任务...
2025-03-25 19:22:49,413 - WARNING - IP池调度器已启动
2025-03-25 19:22:53,330 - WARNING - 执行爬虫任务...
2025-03-25 19:22:55,733 - WARNING - IP池调度器已启动
2025-03-25 19:22:59,543 - WARNING - 执行爬虫任务...
2025-03-25 19:23:02,683 - WARNING - IP池调度器已启动
2025-03-25 19:23:06,007 - WARNING - 执行爬虫任务...
2025-03-25 19:23:09,173 - WARNING - IP池调度器已启动
2025-03-25 19:23:12,420 - WARNING - 执行爬虫任务...
2025-03-25 19:23:15,179 - WARNING - IP池调度器已启动
2025-03-25 19:23:18,260 - WARNING - 执行爬虫任务...
2025-03-25 19:23:21,084 - WARNING - IP池调度器已启动
2025-03-25 19:23:23,679 - WARNING - 执行爬虫任务...
2025-03-25 19:23:27,781 - WARNING - IP池调度器已启动
2025-03-25 19:23:31,255 - WARNING - 执行爬虫任务...
2025-03-25 19:23:35,011 - WARNING - IP池调度器已启动
2025-03-25 19:23:38,055 - WARNING - 执行爬虫任务...
2025-03-25 19:23:41,054 - WARNING - IP池调度器已启动
2025-03-25 19:23:44,637 - WARNING - 执行爬虫任务...
2025-03-25 19:23:48,061 - WARNING - IP池调度器已启动
2025-03-25 19:23:50,980 - WARNING - 执行爬虫任务...
2025-03-25 19:23:53,775 - WARNING - IP池调度器已启动
2025-03-25 19:23:56,551 - WARNING - 执行爬虫任务...
2025-03-25 19:23:58,293 - ERROR - 爬虫任务失败
2025-03-25 19:32:18,564 - WARNING - IP池调度器已启动
2025-03-25 19:32:21,448 - WARNING - 执行爬虫任务...
2025-03-25 19:32:23,216 - WARNING - IP池调度器已启动
2025-03-25 19:32:25,389 - WARNING - 执行爬虫任务...
2025-03-25 19:32:27,081 - WARNING - IP池调度器已启动
2025-03-25 19:32:29,556 - WARNING - 执行爬虫任务...
2025-03-25 19:32:31,779 - WARNING - IP池调度器已启动
2025-03-25 19:32:34,939 - WARNING - 执行爬虫任务...
2025-03-25 19:32:37,720 - WARNING - IP池调度器已启动
2025-03-25 19:32:41,036 - WARNING - 执行爬虫任务...
2025-03-25 19:32:44,162 - WARNING - IP池调度器已启动
2025-03-25 19:32:47,785 - WARNING - 执行爬虫任务...
2025-03-25 19:32:50,340 - WARNING - IP池调度器已启动
2025-03-25 19:32:53,199 - WARNING - 执行爬虫任务...
2025-03-25 19:32:55,757 - WARNING - IP池调度器已启动
2025-03-25 19:32:58,609 - WARNING - 执行爬虫任务...
2025-03-25 19:33:01,411 - WARNING - IP池调度器已启动
2025-03-25 19:33:04,427 - WARNING - 执行爬虫任务...
2025-03-25 19:33:07,713 - WARNING - IP池调度器已启动
2025-03-25 19:33:11,416 - WARNING - 执行爬虫任务...
2025-03-25 19:33:14,823 - WARNING - IP池调度器已启动
2025-03-25 19:33:21,221 - WARNING - 执行爬虫任务...
2025-03-25 19:33:25,237 - WARNING - IP池调度器已启动
2025-03-25 19:33:28,308 - WARNING - 执行爬虫任务...
2025-03-25 19:33:31,017 - WARNING - IP池调度器已启动
2025-03-25 19:48:17,970 - WARNING - 调度器已启动，将在300秒后执行第一次任务
2025-03-25 19:48:17,970 - WARNING - IP池调度器已启动
2025-03-25 20:21:19,913 - ERROR - 加载设置出错: populate() isn't reentrant
2025-03-25 20:21:19,916 - WARNING - 调度器已启动，将在300秒后执行第一次任务
2025-03-25 20:21:19,916 - WARNING - IP池调度器已启动
2025-03-25 20:36:10,186 - WARNING - 已更新配置，但调度器未启动
2025-03-25 22:08:39,447 - ERROR - 加载设置出错: populate() isn't reentrant
2025-03-25 22:08:39,451 - WARNING - 调度器已启动，将在300秒后执行第一次任务
2025-03-25 22:08:39,451 - WARNING - IP池调度器已启动
2025-03-25 22:13:44,724 - WARNING - 执行爬虫任务...
2025-03-25 22:14:17,342 - WARNING - 爬虫任务完成
2025-03-25 22:25:59,062 - WARNING - 评分任务完成
2025-03-25 22:25:59,063 - WARNING - 等待1800秒后执行下一轮任务
2025-03-26 19:47:35,100 - ERROR - 加载设置出错: populate() isn't reentrant
2025-03-26 19:47:35,103 - WARNING - 调度器已启动，将在300秒后执行第一次任务
2025-03-26 19:47:35,103 - WARNING - IP池调度器已启动
2025-03-26 19:52:43,685 - WARNING - 执行爬虫任务...
2025-03-26 19:53:26,349 - WARNING - 爬虫任务完成
2025-03-26 19:53:58,810 - WARNING - 评分任务完成
2025-03-26 19:53:58,812 - WARNING - 等待1800秒后执行下一轮任务
2025-03-26 20:55:45,323 - ERROR - 加载设置出错: populate() isn't reentrant
2025-03-26 20:55:45,325 - WARNING - 调度器已启动，将在300秒后执行第一次任务
2025-03-26 20:55:45,325 - WARNING - IP池调度器已启动
2025-03-26 22:02:06,239 - ERROR - 加载设置出错: populate() isn't reentrant
2025-03-26 22:02:06,242 - WARNING - 调度器已启动，将在300秒后执行第一次任务
2025-03-26 22:02:06,242 - WARNING - IP池调度器已启动
2025-03-27 09:05:45,584 - ERROR - 加载设置出错: populate() isn't reentrant
2025-03-27 09:05:45,591 - WARNING - 调度器已启动，将在300秒后执行第一次任务
2025-03-27 09:05:45,591 - WARNING - IP池调度器已启动
2025-03-27 09:10:45,616 - WARNING - 检测到设置变化，更新调度器设置
2025-03-27 09:10:45,617 - WARNING - 新设置: 爬虫间隔=3600秒, 评分间隔=1800秒, 自动爬虫=True, 自动评分=True
2025-03-27 09:10:53,061 - WARNING - 执行爬虫任务...
2025-03-27 09:12:34,779 - WARNING - 爬虫任务完成
2025-03-27 09:16:46,811 - WARNING - 评分任务完成
2025-03-27 09:16:46,812 - WARNING - 等待1800秒后执行下一轮任务
2025-03-27 09:47:48,100 - WARNING - 评分任务完成
2025-03-27 09:47:48,102 - WARNING - 等待1800秒后执行下一轮任务
2025-03-27 10:17:52,629 - WARNING - 执行爬虫任务...
2025-03-27 10:17:54,281 - ERROR - 加载设置出错: populate() isn't reentrant
2025-03-27 10:17:54,283 - WARNING - 调度器已启动，将在300秒后执行第一次任务
2025-03-27 10:17:54,283 - WARNING - IP池调度器已启动
2025-03-27 10:20:01,928 - WARNING - 爬虫任务完成
2025-03-27 10:20:45,419 - WARNING - 调度器设置已更新: 爬虫间隔=3600秒, 评分间隔=1800秒, 自动爬虫=False, 自动评分=False
2025-03-27 10:25:48,589 - WARNING - 评分任务完成
2025-03-27 10:25:48,599 - WARNING - 等待1800秒后执行下一轮任务
2025-03-27 10:55:48,605 - WARNING - 自动爬虫已禁用，跳过爬虫任务
2025-03-27 10:55:48,606 - WARNING - 自动评分已禁用，跳过评分任务
2025-03-27 10:55:48,608 - WARNING - 等待1800秒后执行下一轮任务
2025-03-27 11:25:48,612 - WARNING - 自动爬虫已禁用，跳过爬虫任务
2025-03-27 11:25:48,613 - WARNING - 自动评分已禁用，跳过评分任务
2025-03-27 11:25:48,614 - WARNING - 等待1800秒后执行下一轮任务
2025-03-27 11:55:48,626 - WARNING - 自动爬虫已禁用，跳过爬虫任务
2025-03-27 11:55:48,628 - WARNING - 自动评分已禁用，跳过评分任务
2025-03-27 11:55:48,629 - WARNING - 等待1800秒后执行下一轮任务
2025-03-27 12:25:48,633 - WARNING - 自动爬虫已禁用，跳过爬虫任务
2025-03-27 12:25:48,634 - WARNING - 自动评分已禁用，跳过评分任务
2025-03-27 12:25:48,637 - WARNING - 等待1800秒后执行下一轮任务
2025-03-27 12:55:48,643 - WARNING - 自动爬虫已禁用，跳过爬虫任务
2025-03-27 12:55:48,648 - WARNING - 自动评分已禁用，跳过评分任务
2025-03-27 12:55:48,648 - WARNING - 等待1800秒后执行下一轮任务
2025-03-27 13:25:48,654 - WARNING - 自动爬虫已禁用，跳过爬虫任务
2025-03-27 13:25:48,656 - WARNING - 自动评分已禁用，跳过评分任务
2025-03-27 13:25:48,657 - WARNING - 等待1800秒后执行下一轮任务
2025-03-27 13:55:48,668 - WARNING - 自动爬虫已禁用，跳过爬虫任务
2025-03-27 13:55:48,671 - WARNING - 自动评分已禁用，跳过评分任务
2025-03-27 13:55:48,672 - WARNING - 等待1800秒后执行下一轮任务
2025-03-27 14:25:48,685 - WARNING - 自动爬虫已禁用，跳过爬虫任务
2025-03-27 14:25:48,687 - WARNING - 自动评分已禁用，跳过评分任务
2025-03-27 14:25:48,688 - WARNING - 等待1800秒后执行下一轮任务
2025-03-27 14:48:11,342 - ERROR - 加载设置出错: populate() isn't reentrant
2025-03-27 14:48:11,344 - WARNING - 调度器已启动，将在300秒后执行第一次任务
2025-03-27 14:48:11,344 - WARNING - IP池调度器已启动
2025-03-27 19:18:12,532 - ERROR - 加载设置出错: populate() isn't reentrant
2025-03-27 19:18:12,533 - WARNING - 调度器已启动，将在300秒后执行第一次任务
2025-03-27 19:18:12,533 - WARNING - IP池调度器已启动
2025-03-27 20:20:05,167 - ERROR - 加载设置出错: populate() isn't reentrant
2025-03-27 20:20:05,170 - WARNING - 调度器已启动，将在300秒后执行第一次任务
2025-03-27 20:20:05,170 - WARNING - IP池调度器已启动
2025-03-27 21:33:42,040 - ERROR - 加载设置出错: populate() isn't reentrant
2025-03-27 21:33:42,044 - WARNING - 调度器已启动，将在300秒后执行第一次任务
2025-03-27 21:33:42,044 - WARNING - IP池调度器已启动
2025-03-27 22:59:09,987 - ERROR - 加载设置出错: populate() isn't reentrant
2025-03-27 22:59:09,989 - WARNING - 调度器已启动，将在300秒后执行第一次任务
2025-03-27 22:59:09,989 - WARNING - IP池调度器已启动
2025-03-28 11:34:19,137 - ERROR - 加载设置出错: populate() isn't reentrant
2025-03-28 11:34:19,139 - WARNING - 调度器已启动，将在300秒后执行第一次任务
2025-03-28 11:34:19,139 - WARNING - IP池调度器已启动
2025-03-28 11:39:19,175 - WARNING - 自动爬虫已禁用，跳过爬虫任务
2025-03-28 11:39:19,177 - WARNING - 自动评分已禁用，跳过评分任务
2025-03-28 11:39:19,178 - WARNING - 等待1800秒后执行下一轮任务
2025-03-28 12:09:19,184 - WARNING - 自动爬虫已禁用，跳过爬虫任务
2025-03-28 12:09:19,185 - WARNING - 自动评分已禁用，跳过评分任务
2025-03-28 12:09:19,186 - WARNING - 等待1800秒后执行下一轮任务
2025-03-28 12:39:19,190 - WARNING - 自动爬虫已禁用，跳过爬虫任务
2025-03-28 12:39:19,191 - WARNING - 自动评分已禁用，跳过评分任务
2025-03-28 12:39:19,192 - WARNING - 等待1800秒后执行下一轮任务
2025-03-28 13:09:19,198 - WARNING - 自动爬虫已禁用，跳过爬虫任务
2025-03-28 13:09:19,199 - WARNING - 自动评分已禁用，跳过评分任务
2025-03-28 13:09:19,200 - WARNING - 等待1800秒后执行下一轮任务
2025-03-28 13:39:19,204 - WARNING - 自动爬虫已禁用，跳过爬虫任务
2025-03-28 13:39:19,205 - WARNING - 自动评分已禁用，跳过评分任务
2025-03-28 13:39:19,205 - WARNING - 等待1800秒后执行下一轮任务
2025-03-28 14:09:19,210 - WARNING - 自动爬虫已禁用，跳过爬虫任务
2025-03-28 14:09:19,210 - WARNING - 自动评分已禁用，跳过评分任务
2025-03-28 14:09:19,211 - WARNING - 等待1800秒后执行下一轮任务
2025-03-28 14:39:19,214 - WARNING - 自动爬虫已禁用，跳过爬虫任务
2025-03-28 14:39:19,215 - WARNING - 自动评分已禁用，跳过评分任务
2025-03-28 14:39:19,215 - WARNING - 等待1800秒后执行下一轮任务
2025-03-28 15:02:47,661 - ERROR - 加载设置出错: populate() isn't reentrant
2025-03-28 15:02:47,667 - WARNING - 调度器已启动，将在300秒后执行第一次任务
2025-03-28 15:02:47,667 - WARNING - IP池调度器已启动
2025-03-28 17:20:19,512 - ERROR - 加载设置出错: populate() isn't reentrant
2025-03-28 17:20:19,513 - WARNING - 调度器已启动，将在300秒后执行第一次任务
2025-03-28 17:20:19,513 - WARNING - IP池调度器已启动
2025-03-28 23:42:13,268 - ERROR - 加载设置出错: populate() isn't reentrant
2025-03-28 23:42:13,273 - WARNING - 调度器已启动，将在300秒后执行第一次任务
2025-03-28 23:42:13,273 - WARNING - IP池调度器已启动
2025-03-29 12:21:23,833 - ERROR - 加载设置出错: populate() isn't reentrant
2025-03-29 12:21:23,835 - WARNING - 调度器已启动，将在300秒后执行第一次任务
2025-03-29 12:21:23,835 - WARNING - IP池调度器已启动
2025-03-29 12:26:23,862 - WARNING - 自动爬虫已禁用，跳过爬虫任务
2025-03-29 12:26:23,862 - WARNING - 自动评分已禁用，跳过评分任务
2025-03-29 12:26:23,862 - WARNING - 等待1800秒后执行下一轮任务
2025-03-29 12:56:23,868 - WARNING - 自动爬虫已禁用，跳过爬虫任务
2025-03-29 12:56:23,869 - WARNING - 自动评分已禁用，跳过评分任务
2025-03-29 12:56:23,869 - WARNING - 等待1800秒后执行下一轮任务
2025-03-29 13:26:23,875 - WARNING - 自动爬虫已禁用，跳过爬虫任务
2025-03-29 13:26:23,876 - WARNING - 自动评分已禁用，跳过评分任务
2025-03-29 13:26:23,877 - WARNING - 等待1800秒后执行下一轮任务
2025-03-29 13:45:38,639 - ERROR - 加载设置出错: populate() isn't reentrant
2025-03-29 13:45:38,642 - WARNING - 调度器已启动，将在300秒后执行第一次任务
2025-03-29 13:45:38,642 - WARNING - IP池调度器已启动
2025-03-29 15:21:25,475 - ERROR - 加载设置出错: populate() isn't reentrant
2025-03-29 15:21:25,478 - WARNING - 调度器已启动，将在300秒后执行第一次任务
2025-03-29 15:21:25,478 - WARNING - IP池调度器已启动
2025-03-29 16:35:07,953 - ERROR - 加载设置出错: populate() isn't reentrant
2025-03-29 16:35:07,963 - WARNING - 调度器已启动，将在300秒后执行第一次任务
2025-03-29 16:35:07,963 - WARNING - IP池调度器已启动
2025-03-29 22:42:38,150 - ERROR - 加载设置出错: populate() isn't reentrant
2025-03-29 22:42:38,153 - WARNING - 调度器已启动，将在300秒后执行第一次任务
2025-03-29 22:42:38,153 - WARNING - IP池调度器已启动
2025-03-29 22:47:38,193 - WARNING - 自动爬虫已禁用，跳过爬虫任务
2025-03-29 22:47:38,194 - WARNING - 自动评分已禁用，跳过评分任务
2025-03-29 22:47:38,194 - WARNING - 等待1800秒后执行下一轮任务
2025-03-29 23:17:38,203 - WARNING - 自动爬虫已禁用，跳过爬虫任务
2025-03-29 23:17:38,204 - WARNING - 自动评分已禁用，跳过评分任务
2025-03-29 23:17:38,204 - WARNING - 等待1800秒后执行下一轮任务
2025-03-29 23:47:38,210 - WARNING - 自动爬虫已禁用，跳过爬虫任务
2025-03-29 23:47:38,210 - WARNING - 自动评分已禁用，跳过评分任务
2025-03-29 23:47:38,211 - WARNING - 等待1800秒后执行下一轮任务
2025-03-30 11:32:10,362 - ERROR - 加载设置出错: populate() isn't reentrant
2025-03-30 11:32:10,364 - WARNING - 调度器已启动，将在300秒后执行第一次任务
2025-03-30 11:32:10,364 - WARNING - IP池调度器已启动
2025-03-30 11:37:10,388 - WARNING - 自动爬虫已禁用，跳过爬虫任务
2025-03-30 11:37:10,389 - WARNING - 自动评分已禁用，跳过评分任务
2025-03-30 11:37:10,390 - WARNING - 等待1800秒后执行下一轮任务
2025-03-30 12:07:10,394 - WARNING - 自动爬虫已禁用，跳过爬虫任务
2025-03-30 12:07:10,396 - WARNING - 自动评分已禁用，跳过评分任务
2025-03-30 12:07:10,396 - WARNING - 等待1800秒后执行下一轮任务
2025-03-30 12:37:10,402 - WARNING - 自动爬虫已禁用，跳过爬虫任务
2025-03-30 12:37:10,402 - WARNING - 自动评分已禁用，跳过评分任务
2025-03-30 12:37:10,403 - WARNING - 等待1800秒后执行下一轮任务
2025-03-30 13:07:10,409 - WARNING - 自动爬虫已禁用，跳过爬虫任务
2025-03-30 13:07:10,410 - WARNING - 自动评分已禁用，跳过评分任务
2025-03-30 13:07:10,410 - WARNING - 等待1800秒后执行下一轮任务
2025-03-30 22:19:51,405 - ERROR - 加载设置出错: populate() isn't reentrant
2025-03-30 22:19:51,406 - WARNING - 调度器已启动，将在300秒后执行第一次任务
2025-03-30 22:19:51,406 - WARNING - IP池调度器已启动
2025-03-30 22:24:51,431 - WARNING - 自动爬虫已禁用，跳过爬虫任务
2025-03-30 22:24:51,432 - WARNING - 自动评分已禁用，跳过评分任务
2025-03-30 22:24:51,433 - WARNING - 等待1800秒后执行下一轮任务
2025-03-30 23:24:05,368 - ERROR - 加载设置出错: populate() isn't reentrant
2025-03-30 23:24:05,374 - WARNING - 调度器已启动，将在300秒后执行第一次任务
2025-03-30 23:24:05,374 - WARNING - IP池调度器已启动
2025-03-31 08:31:49,992 - ERROR - 加载设置出错: populate() isn't reentrant
2025-03-31 08:31:49,994 - WARNING - 调度器已启动，将在300秒后执行第一次任务
2025-03-31 08:31:49,994 - WARNING - IP池调度器已启动
2025-03-31 08:36:50,007 - WARNING - 自动爬虫已禁用，跳过爬虫任务
2025-03-31 08:36:50,008 - WARNING - 自动评分已禁用，跳过评分任务
2025-03-31 08:36:50,008 - WARNING - 等待1800秒后执行下一轮任务
2025-03-31 09:06:50,053 - WARNING - 自动爬虫已禁用，跳过爬虫任务
2025-03-31 09:06:50,055 - WARNING - 自动评分已禁用，跳过评分任务
2025-03-31 09:06:50,056 - WARNING - 等待1800秒后执行下一轮任务
2025-03-31 09:36:50,061 - WARNING - 自动爬虫已禁用，跳过爬虫任务
2025-03-31 09:36:50,062 - WARNING - 自动评分已禁用，跳过评分任务
2025-03-31 09:36:50,062 - WARNING - 等待1800秒后执行下一轮任务
2025-03-31 10:06:50,072 - WARNING - 自动爬虫已禁用，跳过爬虫任务
2025-03-31 10:06:50,073 - WARNING - 自动评分已禁用，跳过评分任务
2025-03-31 10:06:50,074 - WARNING - 等待1800秒后执行下一轮任务
2025-03-31 10:36:50,080 - WARNING - 自动爬虫已禁用，跳过爬虫任务
2025-03-31 10:36:50,081 - WARNING - 自动评分已禁用，跳过评分任务
2025-03-31 10:36:50,082 - WARNING - 等待1800秒后执行下一轮任务
2025-03-31 11:06:50,087 - WARNING - 自动爬虫已禁用，跳过爬虫任务
2025-03-31 11:06:50,088 - WARNING - 自动评分已禁用，跳过评分任务
2025-03-31 11:06:50,088 - WARNING - 等待1800秒后执行下一轮任务
2025-03-31 11:36:50,093 - WARNING - 自动爬虫已禁用，跳过爬虫任务
2025-03-31 11:36:50,094 - WARNING - 自动评分已禁用，跳过评分任务
2025-03-31 11:36:50,095 - WARNING - 等待1800秒后执行下一轮任务
2025-03-31 12:06:50,101 - WARNING - 自动爬虫已禁用，跳过爬虫任务
2025-03-31 12:06:50,102 - WARNING - 自动评分已禁用，跳过评分任务
2025-03-31 12:06:50,104 - WARNING - 等待1800秒后执行下一轮任务
2025-03-31 12:36:50,123 - WARNING - 自动爬虫已禁用，跳过爬虫任务
2025-03-31 12:36:50,123 - WARNING - 自动评分已禁用，跳过评分任务
2025-03-31 12:36:50,125 - WARNING - 等待1800秒后执行下一轮任务
2025-03-31 13:06:50,144 - WARNING - 自动爬虫已禁用，跳过爬虫任务
2025-03-31 13:06:50,146 - WARNING - 自动评分已禁用，跳过评分任务
2025-03-31 13:06:50,147 - WARNING - 等待1800秒后执行下一轮任务
2025-03-31 13:36:50,164 - WARNING - 自动爬虫已禁用，跳过爬虫任务
2025-03-31 13:36:50,165 - WARNING - 自动评分已禁用，跳过评分任务
2025-03-31 13:36:50,166 - WARNING - 等待1800秒后执行下一轮任务
2025-03-31 14:06:50,170 - WARNING - 自动爬虫已禁用，跳过爬虫任务
2025-03-31 14:06:50,171 - WARNING - 自动评分已禁用，跳过评分任务
2025-03-31 14:06:50,172 - WARNING - 等待1800秒后执行下一轮任务
2025-03-31 14:36:50,179 - WARNING - 自动爬虫已禁用，跳过爬虫任务
2025-03-31 14:36:50,180 - WARNING - 自动评分已禁用，跳过评分任务
2025-03-31 14:36:50,181 - WARNING - 等待1800秒后执行下一轮任务
2025-03-31 15:06:50,189 - WARNING - 自动爬虫已禁用，跳过爬虫任务
2025-03-31 15:06:50,190 - WARNING - 自动评分已禁用，跳过评分任务
2025-03-31 15:06:50,191 - WARNING - 等待1800秒后执行下一轮任务
2025-03-31 15:36:50,200 - WARNING - 自动爬虫已禁用，跳过爬虫任务
2025-03-31 15:36:50,200 - WARNING - 自动评分已禁用，跳过评分任务
2025-03-31 15:36:50,201 - WARNING - 等待1800秒后执行下一轮任务
2025-03-31 16:06:50,211 - WARNING - 自动爬虫已禁用，跳过爬虫任务
2025-03-31 16:06:50,211 - WARNING - 自动评分已禁用，跳过评分任务
2025-03-31 16:06:50,212 - WARNING - 等待1800秒后执行下一轮任务
2025-03-31 16:15:14,227 - ERROR - 加载设置出错: populate() isn't reentrant
2025-03-31 16:15:14,229 - WARNING - 调度器已启动，将在300秒后执行第一次任务
2025-03-31 16:15:14,230 - WARNING - IP池调度器已启动
2025-03-31 16:36:50,229 - WARNING - 自动爬虫已禁用，跳过爬虫任务
2025-03-31 16:36:50,230 - WARNING - 自动评分已禁用，跳过评分任务
2025-03-31 16:36:50,230 - WARNING - 等待1800秒后执行下一轮任务
2025-03-31 17:16:03,763 - ERROR - 加载设置出错: populate() isn't reentrant
2025-03-31 17:16:03,765 - WARNING - 调度器已启动，将在300秒后执行第一次任务
2025-03-31 17:16:03,765 - WARNING - IP池调度器已启动
2025-03-31 20:26:13,752 - ERROR - 加载设置出错: populate() isn't reentrant
2025-03-31 20:26:13,754 - WARNING - 调度器已启动，将在300秒后执行第一次任务
2025-03-31 20:26:13,754 - WARNING - IP池调度器已启动
2025-03-31 20:31:13,775 - WARNING - 自动爬虫已禁用，跳过爬虫任务
2025-03-31 20:31:13,775 - WARNING - 自动评分已禁用，跳过评分任务
2025-03-31 20:31:13,775 - WARNING - 等待1800秒后执行下一轮任务
2025-03-31 21:29:28,022 - ERROR - 加载设置出错: populate() isn't reentrant
2025-03-31 21:29:28,023 - WARNING - 调度器已启动，将在300秒后执行第一次任务
2025-03-31 21:29:28,024 - WARNING - IP池调度器已启动
2025-03-31 22:47:20,254 - ERROR - 加载设置出错: populate() isn't reentrant
2025-03-31 22:47:20,257 - WARNING - 调度器已启动，将在300秒后执行第一次任务
2025-03-31 22:47:20,257 - WARNING - IP池调度器已启动
2025-04-01 20:48:04,718 - ERROR - 加载设置出错: populate() isn't reentrant
2025-04-01 20:48:04,720 - WARNING - 调度器已启动，将在300秒后执行第一次任务
2025-04-01 20:48:04,720 - WARNING - IP池调度器已启动
2025-04-01 20:53:04,758 - WARNING - 自动爬虫已禁用，跳过爬虫任务
2025-04-01 20:53:04,759 - WARNING - 自动评分已禁用，跳过评分任务
2025-04-01 20:53:04,759 - WARNING - 等待1800秒后执行下一轮任务
2025-04-01 21:23:04,771 - WARNING - 自动爬虫已禁用，跳过爬虫任务
2025-04-01 21:23:04,772 - WARNING - 自动评分已禁用，跳过评分任务
2025-04-01 21:23:04,773 - WARNING - 等待1800秒后执行下一轮任务
2025-04-01 21:53:04,786 - WARNING - 自动爬虫已禁用，跳过爬虫任务
2025-04-01 21:53:04,788 - WARNING - 自动评分已禁用，跳过评分任务
2025-04-01 21:53:04,789 - WARNING - 等待1800秒后执行下一轮任务
2025-04-01 22:23:04,832 - WARNING - 自动爬虫已禁用，跳过爬虫任务
2025-04-01 22:23:04,834 - WARNING - 自动评分已禁用，跳过评分任务
2025-04-01 22:23:04,835 - WARNING - 等待1800秒后执行下一轮任务
2025-04-01 22:53:04,843 - WARNING - 自动爬虫已禁用，跳过爬虫任务
2025-04-01 22:53:04,844 - WARNING - 自动评分已禁用，跳过评分任务
2025-04-01 22:53:04,844 - WARNING - 等待1800秒后执行下一轮任务
2025-04-02 22:01:38,991 - ERROR - 加载设置出错: populate() isn't reentrant
2025-04-02 22:01:38,993 - WARNING - 调度器已启动，将在300秒后执行第一次任务
2025-04-02 22:01:38,993 - WARNING - IP池调度器已启动
2025-04-03 14:29:16,032 - ERROR - 加载设置出错: populate() isn't reentrant
2025-04-03 14:29:16,035 - WARNING - 调度器已启动，将在300秒后执行第一次任务
2025-04-03 14:29:16,035 - WARNING - IP池调度器已启动
2025-04-03 14:34:16,071 - WARNING - 自动爬虫已禁用，跳过爬虫任务
2025-04-03 14:34:16,072 - WARNING - 自动评分已禁用，跳过评分任务
2025-04-03 14:34:16,072 - WARNING - 等待1800秒后执行下一轮任务
2025-04-03 15:30:45,814 - ERROR - 加载设置出错: populate() isn't reentrant
2025-04-03 15:30:45,818 - WARNING - 调度器已启动，将在300秒后执行第一次任务
2025-04-03 15:30:45,818 - WARNING - IP池调度器已启动
2025-04-03 16:38:05,837 - ERROR - 加载设置出错: populate() isn't reentrant
2025-04-03 16:38:05,839 - WARNING - 调度器已启动，将在300秒后执行第一次任务
2025-04-03 16:38:05,839 - WARNING - IP池调度器已启动
2025-04-03 16:43:05,852 - WARNING - 自动爬虫已禁用，跳过爬虫任务
2025-04-03 16:43:05,852 - WARNING - 自动评分已禁用，跳过评分任务
2025-04-03 16:43:05,852 - WARNING - 等待1800秒后执行下一轮任务
2025-04-03 17:13:05,860 - WARNING - 自动爬虫已禁用，跳过爬虫任务
2025-04-03 17:13:05,861 - WARNING - 自动评分已禁用，跳过评分任务
2025-04-03 17:13:05,861 - WARNING - 等待1800秒后执行下一轮任务
2025-04-03 17:43:05,870 - WARNING - 自动爬虫已禁用，跳过爬虫任务
2025-04-03 17:43:05,871 - WARNING - 自动评分已禁用，跳过评分任务
2025-04-03 17:43:05,871 - WARNING - 等待1800秒后执行下一轮任务
2025-04-03 18:13:05,877 - WARNING - 自动爬虫已禁用，跳过爬虫任务
2025-04-03 18:13:05,878 - WARNING - 自动评分已禁用，跳过评分任务
2025-04-03 18:13:05,879 - WARNING - 等待1800秒后执行下一轮任务
2025-04-03 18:42:47,491 - ERROR - 加载设置出错: populate() isn't reentrant
2025-04-03 18:42:47,493 - WARNING - 调度器已启动，将在300秒后执行第一次任务
2025-04-03 18:42:47,493 - WARNING - IP池调度器已启动
2025-04-03 18:43:05,890 - WARNING - 检测到另一个调度器实例在运行: PID=26556
2025-04-03 18:43:05,890 - WARNING - 检测到另一个调度器实例，当前实例将停止
2025-04-03 18:51:43,947 - WARNING - 已更新配置，但调度器未启动
2025-04-03 19:02:54,203 - WARNING - 已更新配置，但调度器未启动
2025-04-03 19:50:18,218 - ERROR - 加载设置出错: populate() isn't reentrant
2025-04-03 19:50:18,219 - WARNING - 调度器已启动，将在300秒后执行第一次任务
2025-04-03 19:50:18,219 - WARNING - IP池调度器已启动
2025-04-03 19:55:18,244 - WARNING - 自动爬虫已禁用，跳过爬虫任务
2025-04-03 19:55:18,244 - WARNING - 自动评分已禁用，跳过评分任务
2025-04-03 19:55:18,244 - WARNING - 等待1800秒后执行下一轮任务
2025-04-04 11:34:24,241 - ERROR - 加载设置出错: populate() isn't reentrant
2025-04-04 11:34:24,243 - WARNING - 调度器已启动，将在300秒后执行第一次任务
2025-04-04 11:34:24,244 - WARNING - IP池调度器已启动
2025-04-04 11:39:24,265 - WARNING - 自动爬虫已禁用，跳过爬虫任务
2025-04-04 11:39:24,265 - WARNING - 自动评分已禁用，跳过评分任务
2025-04-04 11:39:24,266 - WARNING - 等待1800秒后执行下一轮任务
2025-04-04 12:09:24,273 - WARNING - 自动爬虫已禁用，跳过爬虫任务
2025-04-04 12:09:24,274 - WARNING - 自动评分已禁用，跳过评分任务
2025-04-04 12:09:24,275 - WARNING - 等待1800秒后执行下一轮任务
2025-04-04 13:29:48,622 - ERROR - 加载设置出错: populate() isn't reentrant
2025-04-04 13:29:48,625 - WARNING - 调度器已启动，将在300秒后执行第一次任务
2025-04-04 13:29:48,625 - WARNING - IP池调度器已启动
2025-04-04 13:34:48,657 - WARNING - 自动爬虫已禁用，跳过爬虫任务
2025-04-04 13:34:48,657 - WARNING - 自动评分已禁用，跳过评分任务
2025-04-04 13:34:48,659 - WARNING - 等待1800秒后执行下一轮任务
2025-04-04 14:39:06,438 - ERROR - 加载设置出错: populate() isn't reentrant
2025-04-04 14:39:06,440 - WARNING - 调度器已启动，将在300秒后执行第一次任务
2025-04-04 14:39:06,440 - WARNING - IP池调度器已启动
2025-04-04 16:41:38,388 - ERROR - 加载设置出错: populate() isn't reentrant
2025-04-04 16:41:38,390 - WARNING - 调度器已启动，将在300秒后执行第一次任务
2025-04-04 16:41:38,390 - WARNING - IP池调度器已启动
2025-04-04 16:46:38,418 - WARNING - 自动爬虫已禁用，跳过爬虫任务
2025-04-04 16:46:38,418 - WARNING - 自动评分已禁用，跳过评分任务
2025-04-04 16:46:38,418 - WARNING - 等待1800秒后执行下一轮任务
2025-04-04 17:16:38,477 - WARNING - 自动爬虫已禁用，跳过爬虫任务
2025-04-04 17:16:38,478 - WARNING - 自动评分已禁用，跳过评分任务
2025-04-04 17:16:38,479 - WARNING - 等待1800秒后执行下一轮任务
2025-04-04 17:46:38,497 - WARNING - 自动爬虫已禁用，跳过爬虫任务
2025-04-04 17:46:38,504 - WARNING - 自动评分已禁用，跳过评分任务
2025-04-04 17:46:38,505 - WARNING - 等待1800秒后执行下一轮任务
2025-04-04 18:16:38,528 - WARNING - 自动爬虫已禁用，跳过爬虫任务
2025-04-04 18:16:38,528 - WARNING - 自动评分已禁用，跳过评分任务
2025-04-04 18:16:38,529 - WARNING - 等待1800秒后执行下一轮任务
2025-04-04 18:46:38,537 - WARNING - 自动爬虫已禁用，跳过爬虫任务
2025-04-04 18:46:38,537 - WARNING - 自动评分已禁用，跳过评分任务
2025-04-04 18:46:38,538 - WARNING - 等待1800秒后执行下一轮任务
2025-04-04 19:16:38,550 - WARNING - 自动爬虫已禁用，跳过爬虫任务
2025-04-04 19:16:38,551 - WARNING - 自动评分已禁用，跳过评分任务
2025-04-04 19:16:38,551 - WARNING - 等待1800秒后执行下一轮任务
2025-04-04 19:46:38,570 - WARNING - 自动爬虫已禁用，跳过爬虫任务
2025-04-04 19:46:38,571 - WARNING - 自动评分已禁用，跳过评分任务
2025-04-04 19:46:38,571 - WARNING - 等待1800秒后执行下一轮任务
2025-04-04 20:16:38,583 - WARNING - 自动爬虫已禁用，跳过爬虫任务
2025-04-04 20:16:38,585 - WARNING - 自动评分已禁用，跳过评分任务
2025-04-04 20:16:38,585 - WARNING - 等待1800秒后执行下一轮任务
2025-04-04 20:46:38,598 - WARNING - 自动爬虫已禁用，跳过爬虫任务
2025-04-04 20:46:38,599 - WARNING - 自动评分已禁用，跳过评分任务
2025-04-04 20:46:38,600 - WARNING - 等待1800秒后执行下一轮任务
